<?xml version="1.0" encoding="UTF-8"?>
<!-- Generated by org.testng.reporters.JUnitXMLReporter -->
<testsuite ignored="0" hostname="DESKTOP-2P679HL" failures="0" tests="3" name="Mobiquity" time="14.447" errors="0" timestamp="22 Jul 2021 08:03:53 GMT">
  <testcase classname="apitest.Mobiquity" name="getUser" time="3.385"/>
  <testcase classname="apitest.Mobiquity" name="getUserPosts" time="0.668"/>
  <testcase classname="apitest.Mobiquity" name="validateUserPostComments" time="9.579"/>
</testsuite> <!-- Mobiquity -->
